app/build/intermediates/manifest_merge_blame_file/release/manifest-merger-blame-release-report.txt
1<?xml version="1.0" encoding="utf-8"?>
2<manifest xmlns:android="http://schemas.android.com/apk/res/android"
3    package="com.kjh.safechildren"
4    android:versionCode="1"
5    android:versionName="1.0" >
6
7    <uses-sdk
8        android:minSdkVersion="21"
8-->src\main\AndroidManifest.xml
9        android:targetSdkVersion="30" />
9-->src\main\AndroidManifest.xml
10
11    <uses-permission android:name="android.permission.INTERNET" />
11-->src\main\AndroidManifest.xml:4:5-67
11-->src\main\AndroidManifest.xml:4:22-64
12    <uses-permission android:name="android.permission.ACCESS_COARSE_LOCATION" />
12-->src\main\AndroidManifest.xml:5:5-81
12-->src\main\AndroidManifest.xml:5:22-78
13    <uses-permission android:name="android.permission.ACCESS_FINE_LOCATION" />
13-->src\main\AndroidManifest.xml:6:5-79
13-->src\main\AndroidManifest.xml:6:22-76
14    <uses-permission android:name="android.permission.NFC" />
14-->src\main\AndroidManifest.xml:7:5-62
14-->src\main\AndroidManifest.xml:7:22-59
15    <uses-permission android:name="android.permission.FOREGROUND_SERVICE" />
15-->src\main\AndroidManifest.xml:8:5-77
15-->src\main\AndroidManifest.xml:8:22-74
16
17    <uses-feature
17-->src\main\AndroidManifest.xml:9:5-82
18        android:name="android.hardware.nfc"
18-->src\main\AndroidManifest.xml:9:19-54
19        android:required="false" />
19-->src\main\AndroidManifest.xml:9:55-79
20
21    <!-- Include required permissions for Google Maps API to run. -->
22    <uses-permission android:name="android.permission.ACCESS_NETWORK_STATE" />
22-->[com.google.android.gms:play-services-maps:17.0.0] AndroidManifest.xml:23:5-79
22-->[com.google.android.gms:play-services-maps:17.0.0] AndroidManifest.xml:23:22-76
23
24    <uses-feature
24-->[com.google.android.gms:play-services-maps:17.0.0] AndroidManifest.xml:26:5-28:35
25        android:glEsVersion="0x00020000"
25-->[com.google.android.gms:play-services-maps:17.0.0] AndroidManifest.xml:27:9-41
26        android:required="true" />
26-->[com.google.android.gms:play-services-maps:17.0.0] AndroidManifest.xml:28:9-32
27
28    <uses-permission android:name="android.permission.WAKE_LOCK" /> <!-- Required by older versions of Google Play services to create IID tokens -->
28-->[com.google.firebase:firebase-messaging:22.0.0] AndroidManifest.xml:23:5-68
28-->[com.google.firebase:firebase-messaging:22.0.0] AndroidManifest.xml:23:22-65
29    <uses-permission android:name="com.google.android.c2dm.permission.RECEIVE" />
29-->[com.google.firebase:firebase-messaging:22.0.0] AndroidManifest.xml:25:5-82
29-->[com.google.firebase:firebase-messaging:22.0.0] AndroidManifest.xml:25:22-79
30    <uses-permission android:name="com.google.android.finsky.permission.BIND_GET_INSTALL_REFERRER_SERVICE" />
30-->[com.google.android.gms:play-services-measurement:19.0.0] AndroidManifest.xml:26:5-110
30-->[com.google.android.gms:play-services-measurement:19.0.0] AndroidManifest.xml:26:22-107
31
32    <application
32-->src\main\AndroidManifest.xml:12:5-50:19
33        android:name="com.kjh.safechildren.Global"
33-->src\main\AndroidManifest.xml:13:9-51
34        android:allowBackup="true"
34-->src\main\AndroidManifest.xml:14:9-35
35        android:appComponentFactory="androidx.core.app.CoreComponentFactory"
35-->[androidx.core:core:1.5.0] AndroidManifest.xml:24:18-86
36        android:icon="@mipmap/ic_launcher"
36-->src\main\AndroidManifest.xml:15:9-43
37        android:label="@string/app_name"
37-->src\main\AndroidManifest.xml:16:9-41
38        android:roundIcon="@mipmap/ic_launcher_round"
38-->src\main\AndroidManifest.xml:17:9-54
39        android:supportsRtl="true"
39-->src\main\AndroidManifest.xml:18:9-35
40        android:theme="@style/Theme.Safechildren"
40-->src\main\AndroidManifest.xml:19:9-50
41        android:usesCleartextTraffic="true" >
41-->src\main\AndroidManifest.xml:20:9-44
42        <activity android:name="com.kjh.safechildren.activities.StartActivity" >
42-->src\main\AndroidManifest.xml:21:9-27:20
42-->src\main\AndroidManifest.xml:21:19-79
43            <intent-filter>
43-->src\main\AndroidManifest.xml:22:13-26:29
44                <action
44-->src\main\AndroidManifest.xml:23:17-24:66
45                    android:name="android.intent.action.MAIN"
45-->src\main\AndroidManifest.xml:23:25-66
46                    android:windowSoftInputMode="adjustNothing" />
46-->src\main\AndroidManifest.xml:24:21-64
47
48                <category android:name="android.intent.category.LAUNCHER" />
48-->src\main\AndroidManifest.xml:25:17-77
48-->src\main\AndroidManifest.xml:25:27-74
49            </intent-filter>
50        </activity>
51        <activity android:name="com.kjh.safechildren.activities.MainActivity" >
51-->src\main\AndroidManifest.xml:28:9-35:20
51-->src\main\AndroidManifest.xml:28:19-78
52            <intent-filter>
52-->src\main\AndroidManifest.xml:29:13-34:29
53                <action
53-->src\main\AndroidManifest.xml:23:17-24:66
54                    android:name="android.intent.action.MAIN"
54-->src\main\AndroidManifest.xml:23:25-66
55                    android:windowSoftInputMode="adjustNothing" />
55-->src\main\AndroidManifest.xml:24:21-64
56                <action android:name="android.intent.action.DEFAULT" />
56-->src\main\AndroidManifest.xml:32:17-72
56-->src\main\AndroidManifest.xml:32:25-69
57                <action android:name="android.nfc.action.NDEF_DISCOVERED" />
57-->src\main\AndroidManifest.xml:33:17-76
57-->src\main\AndroidManifest.xml:33:25-74
58            </intent-filter>
59        </activity>
60
61        <meta-data
62            android:name="com.google.android.geo.API_KEY"
62-->src\main\AndroidManifest.xml:38:13-58
63            android:value="AIzaSyAUcu9wEUih5FC0_yFw0Hkp8rO0rj_DAYI" />
63-->src\main\AndroidManifest.xml:39:13-44
64
65        <!-- FCM 설정 추가 -->
66        <service
66-->src\main\AndroidManifest.xml:42:9-48:19
67            android:name="com.kjh.safechildren.API.Messaging_Service"
67-->src\main\AndroidManifest.xml:43:13-70
68            android:exported="false" >
68-->src\main\AndroidManifest.xml:44:13-37
69            <intent-filter>
69-->src\main\AndroidManifest.xml:45:13-47:29
70                <action android:name="com.google.firebase.MESSAGING_EVENT" />
70-->src\main\AndroidManifest.xml:46:17-78
70-->src\main\AndroidManifest.xml:46:25-75
71            </intent-filter>
72        </service>
73
74        <!-- Needs to be explicitly declared on P+ -->
75        <uses-library
75-->[com.google.android.gms:play-services-maps:17.0.0] AndroidManifest.xml:33:9-35:40
76            android:name="org.apache.http.legacy"
76-->[com.google.android.gms:play-services-maps:17.0.0] AndroidManifest.xml:34:13-50
77            android:required="false" />
77-->[com.google.android.gms:play-services-maps:17.0.0] AndroidManifest.xml:35:13-37
78
79        <activity
79-->[com.google.firebase:firebase-auth:21.0.1] AndroidManifest.xml:27:9-44:20
80            android:name="com.google.firebase.auth.internal.GenericIdpActivity"
80-->[com.google.firebase:firebase-auth:21.0.1] AndroidManifest.xml:28:13-80
81            android:excludeFromRecents="true"
81-->[com.google.firebase:firebase-auth:21.0.1] AndroidManifest.xml:29:13-46
82            android:exported="true"
82-->[com.google.firebase:firebase-auth:21.0.1] AndroidManifest.xml:30:13-36
83            android:launchMode="singleTask"
83-->[com.google.firebase:firebase-auth:21.0.1] AndroidManifest.xml:31:13-44
84            android:theme="@android:style/Theme.Translucent.NoTitleBar" >
84-->[com.google.firebase:firebase-auth:21.0.1] AndroidManifest.xml:32:13-72
85            <intent-filter>
85-->[com.google.firebase:firebase-auth:21.0.1] AndroidManifest.xml:33:13-43:29
86                <action android:name="android.intent.action.VIEW" />
86-->[com.google.firebase:firebase-auth:21.0.1] AndroidManifest.xml:34:17-69
86-->[com.google.firebase:firebase-auth:21.0.1] AndroidManifest.xml:34:25-66
87
88                <category android:name="android.intent.category.DEFAULT" />
88-->[com.google.firebase:firebase-auth:21.0.1] AndroidManifest.xml:36:17-76
88-->[com.google.firebase:firebase-auth:21.0.1] AndroidManifest.xml:36:27-73
89                <category android:name="android.intent.category.BROWSABLE" />
89-->[com.google.firebase:firebase-auth:21.0.1] AndroidManifest.xml:37:17-78
89-->[com.google.firebase:firebase-auth:21.0.1] AndroidManifest.xml:37:27-75
90
91                <data
91-->[com.google.firebase:firebase-auth:21.0.1] AndroidManifest.xml:39:17-42:51
92                    android:host="firebase.auth"
92-->[com.google.firebase:firebase-auth:21.0.1] AndroidManifest.xml:40:21-49
93                    android:path="/"
93-->[com.google.firebase:firebase-auth:21.0.1] AndroidManifest.xml:41:21-37
94                    android:scheme="genericidp" />
94-->[com.google.firebase:firebase-auth:21.0.1] AndroidManifest.xml:42:21-48
95            </intent-filter>
96        </activity>
97        <activity
97-->[com.google.firebase:firebase-auth:21.0.1] AndroidManifest.xml:45:9-62:20
98            android:name="com.google.firebase.auth.internal.RecaptchaActivity"
98-->[com.google.firebase:firebase-auth:21.0.1] AndroidManifest.xml:46:13-79
99            android:excludeFromRecents="true"
99-->[com.google.firebase:firebase-auth:21.0.1] AndroidManifest.xml:47:13-46
100            android:exported="true"
100-->[com.google.firebase:firebase-auth:21.0.1] AndroidManifest.xml:48:13-36
101            android:launchMode="singleTask"
101-->[com.google.firebase:firebase-auth:21.0.1] AndroidManifest.xml:49:13-44
102            android:theme="@android:style/Theme.Translucent.NoTitleBar" >
102-->[com.google.firebase:firebase-auth:21.0.1] AndroidManifest.xml:50:13-72
103            <intent-filter>
103-->[com.google.firebase:firebase-auth:21.0.1] AndroidManifest.xml:51:13-61:29
104                <action android:name="android.intent.action.VIEW" />
104-->[com.google.firebase:firebase-auth:21.0.1] AndroidManifest.xml:34:17-69
104-->[com.google.firebase:firebase-auth:21.0.1] AndroidManifest.xml:34:25-66
105
106                <category android:name="android.intent.category.DEFAULT" />
106-->[com.google.firebase:firebase-auth:21.0.1] AndroidManifest.xml:36:17-76
106-->[com.google.firebase:firebase-auth:21.0.1] AndroidManifest.xml:36:27-73
107                <category android:name="android.intent.category.BROWSABLE" />
107-->[com.google.firebase:firebase-auth:21.0.1] AndroidManifest.xml:37:17-78
107-->[com.google.firebase:firebase-auth:21.0.1] AndroidManifest.xml:37:27-75
108
109                <data
109-->[com.google.firebase:firebase-auth:21.0.1] AndroidManifest.xml:39:17-42:51
110                    android:host="firebase.auth"
110-->[com.google.firebase:firebase-auth:21.0.1] AndroidManifest.xml:40:21-49
111                    android:path="/"
111-->[com.google.firebase:firebase-auth:21.0.1] AndroidManifest.xml:41:21-37
112                    android:scheme="recaptcha" />
112-->[com.google.firebase:firebase-auth:21.0.1] AndroidManifest.xml:42:21-48
113            </intent-filter>
114        </activity>
115
116        <service
116-->[com.google.firebase:firebase-auth:21.0.1] AndroidManifest.xml:64:9-73:19
117            android:name="com.google.firebase.auth.api.fallback.service.FirebaseAuthFallbackService"
117-->[com.google.firebase:firebase-auth:21.0.1] AndroidManifest.xml:65:13-101
118            android:enabled="true"
118-->[com.google.firebase:firebase-auth:21.0.1] AndroidManifest.xml:66:13-35
119            android:exported="false" >
119-->[com.google.firebase:firebase-auth:21.0.1] AndroidManifest.xml:67:13-37
120            <intent-filter>
120-->[com.google.firebase:firebase-auth:21.0.1] AndroidManifest.xml:68:13-72:29
121                <action android:name="com.google.firebase.auth.api.gms.service.START" />
121-->[com.google.firebase:firebase-auth:21.0.1] AndroidManifest.xml:69:17-89
121-->[com.google.firebase:firebase-auth:21.0.1] AndroidManifest.xml:69:25-86
122
123                <category android:name="android.intent.category.DEFAULT" />
123-->[com.google.firebase:firebase-auth:21.0.1] AndroidManifest.xml:36:17-76
123-->[com.google.firebase:firebase-auth:21.0.1] AndroidManifest.xml:36:27-73
124            </intent-filter>
125        </service>
126        <service
126-->[com.google.firebase:firebase-auth:21.0.1] AndroidManifest.xml:74:9-80:19
127            android:name="com.google.firebase.components.ComponentDiscoveryService"
127-->[com.google.firebase:firebase-auth:21.0.1] AndroidManifest.xml:75:13-84
128            android:directBootAware="true"
128-->[com.google.firebase:firebase-common:20.0.0] AndroidManifest.xml:35:13-43
129            android:exported="false" >
129-->[com.google.firebase:firebase-auth:21.0.1] AndroidManifest.xml:76:13-37
130            <meta-data
130-->[com.google.firebase:firebase-auth:21.0.1] AndroidManifest.xml:77:13-79:85
131                android:name="com.google.firebase.components:com.google.firebase.auth.FirebaseAuthRegistrar"
131-->[com.google.firebase:firebase-auth:21.0.1] AndroidManifest.xml:78:17-109
132                android:value="com.google.firebase.components.ComponentRegistrar" />
132-->[com.google.firebase:firebase-auth:21.0.1] AndroidManifest.xml:79:17-82
133            <meta-data
133-->[com.google.firebase:firebase-firestore:23.0.3] AndroidManifest.xml:20:13-22:85
134                android:name="com.google.firebase.components:com.google.firebase.firestore.FirestoreRegistrar"
134-->[com.google.firebase:firebase-firestore:23.0.3] AndroidManifest.xml:21:17-111
135                android:value="com.google.firebase.components.ComponentRegistrar" />
135-->[com.google.firebase:firebase-firestore:23.0.3] AndroidManifest.xml:22:17-82
136            <meta-data
136-->[com.google.firebase:firebase-database:20.0.1] AndroidManifest.xml:32:13-34:85
137                android:name="com.google.firebase.components:com.google.firebase.database.DatabaseRegistrar"
137-->[com.google.firebase:firebase-database:20.0.1] AndroidManifest.xml:33:17-109
138                android:value="com.google.firebase.components.ComponentRegistrar" />
138-->[com.google.firebase:firebase-database:20.0.1] AndroidManifest.xml:34:17-82
139            <meta-data
139-->[com.google.firebase:firebase-messaging:22.0.0] AndroidManifest.xml:52:13-54:85
140                android:name="com.google.firebase.components:com.google.firebase.messaging.FirebaseMessagingRegistrar"
140-->[com.google.firebase:firebase-messaging:22.0.0] AndroidManifest.xml:53:17-119
141                android:value="com.google.firebase.components.ComponentRegistrar" />
141-->[com.google.firebase:firebase-messaging:22.0.0] AndroidManifest.xml:54:17-82
142            <meta-data
142-->[com.google.firebase:firebase-datatransport:18.0.0] AndroidManifest.xml:28:13-30:85
143                android:name="com.google.firebase.components:com.google.firebase.datatransport.TransportRegistrar"
143-->[com.google.firebase:firebase-datatransport:18.0.0] AndroidManifest.xml:29:17-115
144                android:value="com.google.firebase.components.ComponentRegistrar" />
144-->[com.google.firebase:firebase-datatransport:18.0.0] AndroidManifest.xml:30:17-82
145            <meta-data
145-->[com.google.android.gms:play-services-measurement-api:19.0.0] AndroidManifest.xml:30:13-32:85
146                android:name="com.google.firebase.components:com.google.firebase.analytics.connector.internal.AnalyticsConnectorRegistrar"
146-->[com.google.android.gms:play-services-measurement-api:19.0.0] AndroidManifest.xml:31:17-139
147                android:value="com.google.firebase.components.ComponentRegistrar" />
147-->[com.google.android.gms:play-services-measurement-api:19.0.0] AndroidManifest.xml:32:17-82
148            <meta-data
148-->[com.google.firebase:firebase-installations:17.0.0] AndroidManifest.xml:18:13-20:85
149                android:name="com.google.firebase.components:com.google.firebase.installations.FirebaseInstallationsRegistrar"
149-->[com.google.firebase:firebase-installations:17.0.0] AndroidManifest.xml:19:17-127
150                android:value="com.google.firebase.components.ComponentRegistrar" />
150-->[com.google.firebase:firebase-installations:17.0.0] AndroidManifest.xml:20:17-82
151        </service>
152
153        <receiver
153-->[com.google.firebase:firebase-messaging:22.0.0] AndroidManifest.xml:28:9-35:20
154            android:name="com.google.firebase.iid.FirebaseInstanceIdReceiver"
154-->[com.google.firebase:firebase-messaging:22.0.0] AndroidManifest.xml:29:13-78
155            android:exported="true"
155-->[com.google.firebase:firebase-messaging:22.0.0] AndroidManifest.xml:30:13-36
156            android:permission="com.google.android.c2dm.permission.SEND" >
156-->[com.google.firebase:firebase-messaging:22.0.0] AndroidManifest.xml:31:13-73
157            <intent-filter>
157-->[com.google.firebase:firebase-messaging:22.0.0] AndroidManifest.xml:32:13-34:29
158                <action android:name="com.google.android.c2dm.intent.RECEIVE" />
158-->[com.google.firebase:firebase-messaging:22.0.0] AndroidManifest.xml:33:17-81
158-->[com.google.firebase:firebase-messaging:22.0.0] AndroidManifest.xml:33:25-78
159            </intent-filter>
160        </receiver>
161        <!--
162             FirebaseMessagingService performs security checks at runtime,
163             but set to not exported to explicitly avoid allowing another app to call it.
164        -->
165        <service
165-->[com.google.firebase:firebase-messaging:22.0.0] AndroidManifest.xml:41:9-48:19
166            android:name="com.google.firebase.messaging.FirebaseMessagingService"
166-->[com.google.firebase:firebase-messaging:22.0.0] AndroidManifest.xml:42:13-82
167            android:directBootAware="true"
167-->[com.google.firebase:firebase-messaging:22.0.0] AndroidManifest.xml:43:13-43
168            android:exported="false" >
168-->[com.google.firebase:firebase-messaging:22.0.0] AndroidManifest.xml:44:13-37
169            <intent-filter android:priority="-500" >
169-->src\main\AndroidManifest.xml:45:13-47:29
170                <action android:name="com.google.firebase.MESSAGING_EVENT" />
170-->src\main\AndroidManifest.xml:46:17-78
170-->src\main\AndroidManifest.xml:46:25-75
171            </intent-filter>
172        </service>
173        <service
173-->[com.google.android.datatransport:transport-backend-cct:3.0.0] AndroidManifest.xml:29:9-35:19
174            android:name="com.google.android.datatransport.runtime.backends.TransportBackendDiscovery"
174-->[com.google.android.datatransport:transport-backend-cct:3.0.0] AndroidManifest.xml:30:13-103
175            android:exported="false" >
175-->[com.google.android.datatransport:transport-backend-cct:3.0.0] AndroidManifest.xml:31:13-37
176            <meta-data
176-->[com.google.android.datatransport:transport-backend-cct:3.0.0] AndroidManifest.xml:32:13-34:39
177                android:name="backend:com.google.android.datatransport.cct.CctBackendFactory"
177-->[com.google.android.datatransport:transport-backend-cct:3.0.0] AndroidManifest.xml:33:17-94
178                android:value="cct" />
178-->[com.google.android.datatransport:transport-backend-cct:3.0.0] AndroidManifest.xml:34:17-36
179        </service>
180
181        <provider
181-->[com.google.firebase:firebase-common:20.0.0] AndroidManifest.xml:26:9-31:39
182            android:name="com.google.firebase.provider.FirebaseInitProvider"
182-->[com.google.firebase:firebase-common:20.0.0] AndroidManifest.xml:27:13-77
183            android:authorities="com.kjh.safechildren.firebaseinitprovider"
183-->[com.google.firebase:firebase-common:20.0.0] AndroidManifest.xml:28:13-72
184            android:directBootAware="true"
184-->[com.google.firebase:firebase-common:20.0.0] AndroidManifest.xml:29:13-43
185            android:exported="false"
185-->[com.google.firebase:firebase-common:20.0.0] AndroidManifest.xml:30:13-37
186            android:initOrder="100" />
186-->[com.google.firebase:firebase-common:20.0.0] AndroidManifest.xml:31:13-36
187
188        <activity
188-->[com.google.android.gms:play-services-base:17.1.0] AndroidManifest.xml:23:9-26:75
189            android:name="com.google.android.gms.common.api.GoogleApiActivity"
189-->[com.google.android.gms:play-services-base:17.1.0] AndroidManifest.xml:24:13-79
190            android:exported="false"
190-->[com.google.android.gms:play-services-base:17.1.0] AndroidManifest.xml:25:13-37
191            android:theme="@android:style/Theme.Translucent.NoTitleBar" />
191-->[com.google.android.gms:play-services-base:17.1.0] AndroidManifest.xml:26:13-72
192
193        <receiver
193-->[com.google.android.gms:play-services-measurement:19.0.0] AndroidManifest.xml:29:9-33:20
194            android:name="com.google.android.gms.measurement.AppMeasurementReceiver"
194-->[com.google.android.gms:play-services-measurement:19.0.0] AndroidManifest.xml:30:13-85
195            android:enabled="true"
195-->[com.google.android.gms:play-services-measurement:19.0.0] AndroidManifest.xml:31:13-35
196            android:exported="false" >
196-->[com.google.android.gms:play-services-measurement:19.0.0] AndroidManifest.xml:32:13-37
197        </receiver>
198
199        <service
199-->[com.google.android.gms:play-services-measurement:19.0.0] AndroidManifest.xml:35:9-38:40
200            android:name="com.google.android.gms.measurement.AppMeasurementService"
200-->[com.google.android.gms:play-services-measurement:19.0.0] AndroidManifest.xml:36:13-84
201            android:enabled="true"
201-->[com.google.android.gms:play-services-measurement:19.0.0] AndroidManifest.xml:37:13-35
202            android:exported="false" />
202-->[com.google.android.gms:play-services-measurement:19.0.0] AndroidManifest.xml:38:13-37
203        <service
203-->[com.google.android.gms:play-services-measurement:19.0.0] AndroidManifest.xml:39:9-43:72
204            android:name="com.google.android.gms.measurement.AppMeasurementJobService"
204-->[com.google.android.gms:play-services-measurement:19.0.0] AndroidManifest.xml:40:13-87
205            android:enabled="true"
205-->[com.google.android.gms:play-services-measurement:19.0.0] AndroidManifest.xml:41:13-35
206            android:exported="false"
206-->[com.google.android.gms:play-services-measurement:19.0.0] AndroidManifest.xml:42:13-37
207            android:permission="android.permission.BIND_JOB_SERVICE" />
207-->[com.google.android.gms:play-services-measurement:19.0.0] AndroidManifest.xml:43:13-69
208
209        <meta-data
209-->[com.google.android.gms:play-services-basement:17.1.0] AndroidManifest.xml:23:9-25:69
210            android:name="com.google.android.gms.version"
210-->[com.google.android.gms:play-services-basement:17.1.0] AndroidManifest.xml:24:13-58
211            android:value="@integer/google_play_services_version" />
211-->[com.google.android.gms:play-services-basement:17.1.0] AndroidManifest.xml:25:13-66
212
213        <service
213-->[com.google.android.datatransport:transport-runtime:3.0.0] AndroidManifest.xml:26:9-30:19
214            android:name="com.google.android.datatransport.runtime.scheduling.jobscheduling.JobInfoSchedulerService"
214-->[com.google.android.datatransport:transport-runtime:3.0.0] AndroidManifest.xml:27:13-117
215            android:exported="false"
215-->[com.google.android.datatransport:transport-runtime:3.0.0] AndroidManifest.xml:28:13-37
216            android:permission="android.permission.BIND_JOB_SERVICE" >
216-->[com.google.android.datatransport:transport-runtime:3.0.0] AndroidManifest.xml:29:13-69
217        </service>
218
219        <receiver
219-->[com.google.android.datatransport:transport-runtime:3.0.0] AndroidManifest.xml:32:9-34:40
220            android:name="com.google.android.datatransport.runtime.scheduling.jobscheduling.AlarmManagerSchedulerBroadcastReceiver"
220-->[com.google.android.datatransport:transport-runtime:3.0.0] AndroidManifest.xml:33:13-132
221            android:exported="false" />
221-->[com.google.android.datatransport:transport-runtime:3.0.0] AndroidManifest.xml:34:13-37
222    </application>
223
224</manifest>